{"$message_type":"diagnostic","message":"unresolved import `tokio_stream`","code":{"code":"E0432","explanation":"An import was unresolved.\n\nErroneous code example:\n\n```compile_fail,E0432\nuse something::Foo; // error: unresolved import `something::Foo`.\n```\n\nIn Rust 2015, paths in `use` statements are relative to the crate root. To\nimport items relative to the current and parent modules, use the `self::` and\n`super::` prefixes, respectively.\n\nIn Rust 2018 or later, paths in `use` statements are relative to the current\nmodule unless they begin with the name of a crate or a literal `crate::`, in\nwhich case they start from the crate root. As in Rust 2015 code, the `self::`\nand `super::` prefixes refer to the current and parent modules respectively.\n\nAlso verify that you didn't misspell the import name and that the import exists\nin the module from where you tried to import it. Example:\n\n```\nuse self::something::Foo; // Ok.\n\nmod something {\n    pub struct Foo;\n}\n# fn main() {}\n```\n\nIf you tried to use a module from an external crate and are using Rust 2015,\nyou may have missed the `extern crate` declaration (which is usually placed in\nthe crate root):\n\n```edition2015\nextern crate core; // Required to use the `core` crate in Rust 2015.\n\nuse core::any;\n# fn main() {}\n```\n\nSince Rust 2018 the `extern crate` declaration is not required and\nyou can instead just `use` it:\n\n```edition2018\nuse core::any; // No extern crate required in Rust 2018.\n# fn main() {}\n```\n"},"level":"error","spans":[{"file_name":"src/scanner.rs","byte_start":7635,"byte_end":7647,"line_start":223,"line_end":223,"column_start":9,"column_end":21,"is_primary":true,"text":[{"text":"    use tokio_stream::StreamExt;","highlight_start":9,"highlight_end":21}],"label":"use of unresolved module or unlinked crate `tokio_stream`","suggested_replacement":null,"suggestion_applicability":null,"expansion":null}],"children":[{"message":"if you wanted to use a crate named `tokio_stream`, use `cargo add tokio_stream` to add it to your `Cargo.toml`","code":null,"level":"help","spans":[],"children":[],"rendered":null}],"rendered":"\u001b[1m\u001b[91merror[E0432]\u001b[0m\u001b[1m: unresolved import `tokio_stream`\u001b[0m\n   \u001b[1m\u001b[94m--> \u001b[0msrc/scanner.rs:223:9\n    \u001b[1m\u001b[94m|\u001b[0m\n\u001b[1m\u001b[94m223\u001b[0m \u001b[1m\u001b[94m|\u001b[0m     use tokio_stream::StreamExt;\n    \u001b[1m\u001b[94m|\u001b[0m         \u001b[1m\u001b[91m^^^^^^^^^^^^\u001b[0m \u001b[1m\u001b[91muse of unresolved module or unlinked crate `tokio_stream`\u001b[0m\n    \u001b[1m\u001b[94m|\u001b[0m\n    \u001b[1m\u001b[94m= \u001b[0m\u001b[1mhelp\u001b[0m: if you wanted to use a crate named `tokio_stream`, use `cargo add tokio_stream` to add it to your `Cargo.toml`\n\n"}
{"$message_type":"diagnostic","message":"unresolved import `tokio_stream`","code":{"code":"E0432","explanation":"An import was unresolved.\n\nErroneous code example:\n\n```compile_fail,E0432\nuse something::Foo; // error: unresolved import `something::Foo`.\n```\n\nIn Rust 2015, paths in `use` statements are relative to the crate root. To\nimport items relative to the current and parent modules, use the `self::` and\n`super::` prefixes, respectively.\n\nIn Rust 2018 or later, paths in `use` statements are relative to the current\nmodule unless they begin with the name of a crate or a literal `crate::`, in\nwhich case they start from the crate root. As in Rust 2015 code, the `self::`\nand `super::` prefixes refer to the current and parent modules respectively.\n\nAlso verify that you didn't misspell the import name and that the import exists\nin the module from where you tried to import it. Example:\n\n```\nuse self::something::Foo; // Ok.\n\nmod something {\n    pub struct Foo;\n}\n# fn main() {}\n```\n\nIf you tried to use a module from an external crate and are using Rust 2015,\nyou may have missed the `extern crate` declaration (which is usually placed in\nthe crate root):\n\n```edition2015\nextern crate core; // Required to use the `core` crate in Rust 2015.\n\nuse core::any;\n# fn main() {}\n```\n\nSince Rust 2018 the `extern crate` declaration is not required and\nyou can instead just `use` it:\n\n```edition2018\nuse core::any; // No extern crate required in Rust 2018.\n# fn main() {}\n```\n"},"level":"error","spans":[{"file_name":"src/scanner.rs","byte_start":10666,"byte_end":10678,"line_start":314,"line_end":314,"column_start":9,"column_end":21,"is_primary":true,"text":[{"text":"    use tokio_stream::StreamExt;","highlight_start":9,"highlight_end":21}],"label":"use of unresolved module or unlinked crate `tokio_stream`","suggested_replacement":null,"suggestion_applicability":null,"expansion":null}],"children":[{"message":"if you wanted to use a crate named `tokio_stream`, use `cargo add tokio_stream` to add it to your `Cargo.toml`","code":null,"level":"help","spans":[],"children":[],"rendered":null}],"rendered":"\u001b[1m\u001b[91merror[E0432]\u001b[0m\u001b[1m: unresolved import `tokio_stream`\u001b[0m\n   \u001b[1m\u001b[94m--> \u001b[0msrc/scanner.rs:314:9\n    \u001b[1m\u001b[94m|\u001b[0m\n\u001b[1m\u001b[94m314\u001b[0m \u001b[1m\u001b[94m|\u001b[0m     use tokio_stream::StreamExt;\n    \u001b[1m\u001b[94m|\u001b[0m         \u001b[1m\u001b[91m^^^^^^^^^^^^\u001b[0m \u001b[1m\u001b[91muse of unresolved module or unlinked crate `tokio_stream`\u001b[0m\n    \u001b[1m\u001b[94m|\u001b[0m\n    \u001b[1m\u001b[94m= \u001b[0m\u001b[1mhelp\u001b[0m: if you wanted to use a crate named `tokio_stream`, use `cargo add tokio_stream` to add it to your `Cargo.toml`\n\n"}
{"$message_type":"diagnostic","message":"unused import: `error`","code":{"code":"unused_imports","explanation":null},"level":"warning","spans":[{"file_name":"src/server.rs","byte_start":286,"byte_end":291,"line_start":9,"line_end":9,"column_start":18,"column_end":23,"is_primary":true,"text":[{"text":"use log::{debug, error, info, warn};","highlight_start":18,"highlight_end":23}],"label":null,"suggested_replacement":null,"suggestion_applicability":null,"expansion":null}],"children":[{"message":"`#[warn(unused_imports)]` (part of `#[warn(unused)]`) on by default","code":null,"level":"note","spans":[],"children":[],"rendered":null},{"message":"remove the unused import","code":null,"level":"help","spans":[{"file_name":"src/server.rs","byte_start":284,"byte_end":291,"line_start":9,"line_end":9,"column_start":16,"column_end":23,"is_primary":true,"text":[{"text":"use log::{debug, error, info, warn};","highlight_start":16,"highlight_end":23}],"label":null,"suggested_replacement":"","suggestion_applicability":"MachineApplicable","expansion":null}],"children":[],"rendered":null}],"rendered":"\u001b[1m\u001b[33mwarning\u001b[0m\u001b[1m: unused import: `error`\u001b[0m\n \u001b[1m\u001b[94m--> \u001b[0msrc/server.rs:9:18\n  \u001b[1m\u001b[94m|\u001b[0m\n\u001b[1m\u001b[94m9\u001b[0m \u001b[1m\u001b[94m|\u001b[0m use log::{debug, error, info, warn};\n  \u001b[1m\u001b[94m|\u001b[0m                  \u001b[1m\u001b[33m^^^^^\u001b[0m\n  \u001b[1m\u001b[94m|\u001b[0m\n  \u001b[1m\u001b[94m= \u001b[0m\u001b[1mnote\u001b[0m: `#[warn(unused_imports)]` (part of `#[warn(unused)]`) on by default\n\n"}
{"$message_type":"diagnostic","message":"no method named `next` found for struct `Pin<Box<impl futures_core::stream::Stream<Item = AdapterEvent>>>` in the current scope","code":{"code":"E0599","explanation":"This error occurs when a method is used on a type which doesn't implement it:\n\nErroneous code example:\n\n```compile_fail,E0599\nstruct Mouth;\n\nlet x = Mouth;\nx.chocolate(); // error: no method named `chocolate` found for type `Mouth`\n               //        in the current scope\n```\n\nIn this case, you need to implement the `chocolate` method to fix the error:\n\n```\nstruct Mouth;\n\nimpl Mouth {\n    fn chocolate(&self) { // We implement the `chocolate` method here.\n        println!(\"Hmmm! I love chocolate!\");\n    }\n}\n\nlet x = Mouth;\nx.chocolate(); // ok!\n```\n"},"level":"error","spans":[{"file_name":"src/scanner.rs","byte_start":7965,"byte_end":7969,"line_start":235,"line_end":235,"column_start":30,"column_end":34,"is_primary":true,"text":[{"text":"            event = discover.next() => {","highlight_start":30,"highlight_end":34}],"label":null,"suggested_replacement":null,"suggestion_applicability":null,"expansion":null}],"children":[{"message":"items from traits can only be used if the trait is in scope","code":null,"level":"help","spans":[],"children":[],"rendered":null},{"message":"the following traits which provide `next` are implemented but not in scope; perhaps you want to import one of them","code":null,"level":"help","spans":[{"file_name":"src/scanner.rs","byte_start":254,"byte_end":254,"line_start":7,"line_end":7,"column_start":1,"column_end":1,"is_primary":true,"text":[{"text":"use std::collections::HashMap;","highlight_start":1,"highlight_end":1}],"label":null,"suggested_replacement":"use futures_util::stream::stream::StreamExt;\n","suggestion_applicability":"MaybeIncorrect","expansion":null},{"file_name":"src/scanner.rs","byte_start":254,"byte_end":254,"line_start":7,"line_end":7,"column_start":1,"column_end":1,"is_primary":true,"text":[{"text":"use std::collections::HashMap;","highlight_start":1,"highlight_end":1}],"label":null,"suggested_replacement":"use tokio_stream::stream_ext::StreamExt;\n","suggestion_applicability":"MaybeIncorrect","expansion":null}],"children":[],"rendered":null},{"message":"there is a method `try_next` with a similar name","code":null,"level":"help","spans":[{"file_name":"src/scanner.rs","byte_start":7965,"byte_end":7969,"line_start":235,"line_end":235,"column_start":30,"column_end":34,"is_primary":true,"text":[{"text":"            event = discover.next() => {","highlight_start":30,"highlight_end":34}],"label":null,"suggested_replacement":"try_next","suggestion_applicability":"MaybeIncorrect","expansion":null}],"children":[],"rendered":null}],"rendered":"\u001b[1m\u001b[91merror[E0599]\u001b[0m\u001b[1m: no method named `next` found for struct `Pin<Box<impl futures_core::stream::Stream<Item = AdapterEvent>>>` in the current scope\u001b[0m\n   \u001b[1m\u001b[94m--> \u001b[0msrc/scanner.rs:235:30\n    \u001b[1m\u001b[94m|\u001b[0m\n\u001b[1m\u001b[94m235\u001b[0m \u001b[1m\u001b[94m|\u001b[0m             event = discover.next() => {\n    \u001b[1m\u001b[94m|\u001b[0m                              \u001b[1m\u001b[91m^^^^\u001b[0m\n    \u001b[1m\u001b[94m|\u001b[0m\n    \u001b[1m\u001b[94m= \u001b[0m\u001b[1mhelp\u001b[0m: items from traits can only be used if the trait is in scope\n\u001b[1m\u001b[96mhelp\u001b[0m: the following traits which provide `next` are implemented but not in scope; perhaps you want to import one of them\n    \u001b[1m\u001b[94m|\u001b[0m\n  \u001b[1m\u001b[94m7\u001b[0m \u001b[92m+ use futures_util::stream::stream::StreamExt;\u001b[0m\n    \u001b[1m\u001b[94m|\u001b[0m\n  \u001b[1m\u001b[94m7\u001b[0m \u001b[92m+ use tokio_stream::stream_ext::StreamExt;\u001b[0m\n    \u001b[1m\u001b[94m|\u001b[0m\n\u001b[1m\u001b[96mhelp\u001b[0m: there is a method `try_next` with a similar name\n    \u001b[1m\u001b[94m|\u001b[0m\n\u001b[1m\u001b[94m235\u001b[0m \u001b[1m\u001b[94m| \u001b[0m            event = discover.\u001b[92mtry_\u001b[0mnext() => {\n    \u001b[1m\u001b[94m|\u001b[0m                              \u001b[92m++++\u001b[0m\n\n"}
{"$message_type":"diagnostic","message":"no function or associated item named `from_u16` found for struct `bluer::Uuid` in the current scope","code":{"code":"E0599","explanation":"This error occurs when a method is used on a type which doesn't implement it:\n\nErroneous code example:\n\n```compile_fail,E0599\nstruct Mouth;\n\nlet x = Mouth;\nx.chocolate(); // error: no method named `chocolate` found for type `Mouth`\n               //        in the current scope\n```\n\nIn this case, you need to implement the `chocolate` method to fix the error:\n\n```\nstruct Mouth;\n\nimpl Mouth {\n    fn chocolate(&self) { // We implement the `chocolate` method here.\n        println!(\"Hmmm! I love chocolate!\");\n    }\n}\n\nlet x = Mouth;\nx.chocolate(); // ok!\n```\n"},"level":"error","spans":[{"file_name":"src/scanner.rs","byte_start":623,"byte_end":631,"line_start":20,"line_end":20,"column_start":51,"column_end":59,"is_primary":true,"text":[{"text":"const HR_SERVICE_UUID: bluer::Uuid = bluer::Uuid::from_u16(0x180D);","highlight_start":51,"highlight_end":59}],"label":"function or associated item not found in `bluer::Uuid`","suggested_replacement":null,"suggestion_applicability":null,"expansion":null}],"children":[{"message":"if you're trying to build a new `bluer::Uuid` consider using one of the following associated functions:\nuuid::builder::<impl bluer::Uuid>::nil\nuuid::builder::<impl bluer::Uuid>::max\nuuid::builder::<impl bluer::Uuid>::from_fields\nuuid::builder::<impl bluer::Uuid>::from_fields_le\nand 11 others","code":null,"level":"note","spans":[{"file_name":"/home/ssilver/.cargo/registry/src/index.crates.io-1949cf8c6b5b557f/uuid-1.21.0/src/builder.rs","byte_start":2247,"byte_end":2273,"line_start":72,"line_end":72,"column_start":5,"column_end":31,"is_primary":true,"text":[{"text":"    pub const fn nil() -> Self {","highlight_start":5,"highlight_end":31}],"label":null,"suggested_replacement":null,"suggestion_applicability":null,"expansion":null},{"file_name":"/home/ssilver/.cargo/registry/src/index.crates.io-1949cf8c6b5b557f/uuid-1.21.0/src/builder.rs","byte_start":2872,"byte_end":2898,"line_start":98,"line_end":98,"column_start":5,"column_end":31,"is_primary":true,"text":[{"text":"    pub const fn max() -> Self {","highlight_start":5,"highlight_end":31}],"label":null,"suggested_replacement":null,"suggestion_applicability":null,"expansion":null},{"file_name":"/home/ssilver/.cargo/registry/src/index.crates.io-1949cf8c6b5b557f/uuid-1.21.0/src/builder.rs","byte_start":3453,"byte_end":3526,"line_start":122,"line_end":122,"column_start":5,"column_end":78,"is_primary":true,"text":[{"text":"    pub const fn from_fields(d1: u32, d2: u16, d3: u16, d4: &[u8; 8]) -> Uuid {","highlight_start":5,"highlight_end":78}],"label":null,"suggested_replacement":null,"suggestion_applicability":null,"expansion":null},{"file_name":"/home/ssilver/.cargo/registry/src/index.crates.io-1949cf8c6b5b557f/uuid-1.21.0/src/builder.rs","byte_start":4752,"byte_end":4828,"line_start":168,"line_end":168,"column_start":5,"column_end":81,"is_primary":true,"text":[{"text":"    pub const fn from_fields_le(d1: u32, d2: u16, d3: u16, d4: &[u8; 8]) -> Uuid {","highlight_start":5,"highlight_end":81}],"label":null,"suggested_replacement":null,"suggestion_applicability":null,"expansion":null}],"children":[],"rendered":null},{"message":"items from traits can only be used if the trait is in scope","code":null,"level":"help","spans":[],"children":[],"rendered":null},{"message":"trait `UuidExt` which provides `from_u16` is implemented but not in scope; perhaps you want to import it","code":null,"level":"help","spans":[{"file_name":"src/scanner.rs","byte_start":254,"byte_end":254,"line_start":7,"line_end":7,"column_start":1,"column_end":1,"is_primary":true,"text":[{"text":"use std::collections::HashMap;","highlight_start":1,"highlight_end":1}],"label":null,"suggested_replacement":"use bluer::UuidExt;\n","suggestion_applicability":"MaybeIncorrect","expansion":null}],"children":[],"rendered":null},{"message":"there is an associated function `from` with a similar name","code":null,"level":"help","spans":[{"file_name":"src/scanner.rs","byte_start":623,"byte_end":631,"line_start":20,"line_end":20,"column_start":51,"column_end":59,"is_primary":true,"text":[{"text":"const HR_SERVICE_UUID: bluer::Uuid = bluer::Uuid::from_u16(0x180D);","highlight_start":51,"highlight_end":59}],"label":null,"suggested_replacement":"from","suggestion_applicability":"MaybeIncorrect","expansion":null}],"children":[],"rendered":null}],"rendered":"\u001b[1m\u001b[91merror[E0599]\u001b[0m\u001b[1m: no function or associated item named `from_u16` found for struct `bluer::Uuid` in the current scope\u001b[0m\n   \u001b[1m\u001b[94m--> \u001b[0msrc/scanner.rs:20:51\n    \u001b[1m\u001b[94m|\u001b[0m\n \u001b[1m\u001b[94m20\u001b[0m \u001b[1m\u001b[94m|\u001b[0m const HR_SERVICE_UUID: bluer::Uuid = bluer::Uuid::from_u16(0x180D);\n    \u001b[1m\u001b[94m|\u001b[0m                                                   \u001b[1m\u001b[91m^^^^^^^^\u001b[0m \u001b[1m\u001b[91mfunction or associated item not found in `bluer::Uuid`\u001b[0m\n    \u001b[1m\u001b[94m|\u001b[0m\n\u001b[1m\u001b[92mnote\u001b[0m: if you're trying to build a new `bluer::Uuid` consider using one of the following associated functions:\n      uuid::builder::<impl bluer::Uuid>::nil\n      uuid::builder::<impl bluer::Uuid>::max\n      uuid::builder::<impl bluer::Uuid>::from_fields\n      uuid::builder::<impl bluer::Uuid>::from_fields_le\n      and 11 others\n   \u001b[1m\u001b[94m--> \u001b[0m/home/ssilver/.cargo/registry/src/index.crates.io-1949cf8c6b5b557f/uuid-1.21.0/src/builder.rs:72:5\n    \u001b[1m\u001b[94m|\u001b[0m\n \u001b[1m\u001b[94m72\u001b[0m \u001b[1m\u001b[94m|\u001b[0m     pub const fn nil() -> Self {\n    \u001b[1m\u001b[94m|\u001b[0m     \u001b[1m\u001b[92m^^^^^^^^^^^^^^^^^^^^^^^^^^\u001b[0m\n\u001b[1m\u001b[94m...\u001b[0m\n \u001b[1m\u001b[94m98\u001b[0m \u001b[1m\u001b[94m|\u001b[0m     pub const fn max() -> Self {\n    \u001b[1m\u001b[94m|\u001b[0m     \u001b[1m\u001b[92m^^^^^^^^^^^^^^^^^^^^^^^^^^\u001b[0m\n\u001b[1m\u001b[94m...\u001b[0m\n\u001b[1m\u001b[94m122\u001b[0m \u001b[1m\u001b[94m|\u001b[0m     pub const fn from_fields(d1: u32, d2: u16, d3: u16, d4: &[u8; 8]) -> Uuid {\n    \u001b[1m\u001b[94m|\u001b[0m     \u001b[1m\u001b[92m^^^^^^^^^^^^^^^^^^^^^^^^^^^^^^^^^^^^^^^^^^^^^^^^^^^^^^^^^^^^^^^^^^^^^^^^^\u001b[0m\n\u001b[1m\u001b[94m...\u001b[0m\n\u001b[1m\u001b[94m168\u001b[0m \u001b[1m\u001b[94m|\u001b[0m     pub const fn from_fields_le(d1: u32, d2: u16, d3: u16, d4: &[u8; 8]) -> Uuid {\n    \u001b[1m\u001b[94m|\u001b[0m     \u001b[1m\u001b[92m^^^^^^^^^^^^^^^^^^^^^^^^^^^^^^^^^^^^^^^^^^^^^^^^^^^^^^^^^^^^^^^^^^^^^^^^^^^^\u001b[0m\n    \u001b[1m\u001b[94m= \u001b[0m\u001b[1mhelp\u001b[0m: items from traits can only be used if the trait is in scope\n\u001b[1m\u001b[96mhelp\u001b[0m: trait `UuidExt` which provides `from_u16` is implemented but not in scope; perhaps you want to import it\n    \u001b[1m\u001b[94m|\u001b[0m\n  \u001b[1m\u001b[94m7\u001b[0m \u001b[92m+ use bluer::UuidExt;\u001b[0m\n    \u001b[1m\u001b[94m|\u001b[0m\n\u001b[1m\u001b[96mhelp\u001b[0m: there is an associated function `from` with a similar name\n    \u001b[1m\u001b[94m|\u001b[0m\n \u001b[1m\u001b[94m20\u001b[0m \u001b[91m- \u001b[0mconst HR_SERVICE_UUID: bluer::Uuid = bluer::Uuid::\u001b[91mfrom_u16\u001b[0m(0x180D);\n \u001b[1m\u001b[94m20\u001b[0m \u001b[92m+ \u001b[0mconst HR_SERVICE_UUID: bluer::Uuid = bluer::Uuid::\u001b[92mfrom\u001b[0m(0x180D);\n    \u001b[1m\u001b[94m|\u001b[0m\n\n"}
{"$message_type":"diagnostic","message":"no method named `next` found for struct `Pin<Box<impl futures_core::stream::Stream<Item = Vec<u8>>>>` in the current scope","code":{"code":"E0599","explanation":"This error occurs when a method is used on a type which doesn't implement it:\n\nErroneous code example:\n\n```compile_fail,E0599\nstruct Mouth;\n\nlet x = Mouth;\nx.chocolate(); // error: no method named `chocolate` found for type `Mouth`\n               //        in the current scope\n```\n\nIn this case, you need to implement the `chocolate` method to fix the error:\n\n```\nstruct Mouth;\n\nimpl Mouth {\n    fn chocolate(&self) { // We implement the `chocolate` method here.\n        println!(\"Hmmm! I love chocolate!\");\n    }\n}\n\nlet x = Mouth;\nx.chocolate(); // ok!\n```\n"},"level":"error","spans":[{"file_name":"src/scanner.rs","byte_start":11548,"byte_end":11552,"line_start":338,"line_end":338,"column_start":29,"column_end":33,"is_primary":true,"text":[{"text":"        match notify_stream.next().await {","highlight_start":29,"highlight_end":33}],"label":null,"suggested_replacement":null,"suggestion_applicability":null,"expansion":null}],"children":[{"message":"items from traits can only be used if the trait is in scope","code":null,"level":"help","spans":[],"children":[],"rendered":null},{"message":"the following traits which provide `next` are implemented but not in scope; perhaps you want to import one of them","code":null,"level":"help","spans":[{"file_name":"src/scanner.rs","byte_start":254,"byte_end":254,"line_start":7,"line_end":7,"column_start":1,"column_end":1,"is_primary":true,"text":[{"text":"use std::collections::HashMap;","highlight_start":1,"highlight_end":1}],"label":null,"suggested_replacement":"use futures_util::stream::stream::StreamExt;\n","suggestion_applicability":"MaybeIncorrect","expansion":null},{"file_name":"src/scanner.rs","byte_start":254,"byte_end":254,"line_start":7,"line_end":7,"column_start":1,"column_end":1,"is_primary":true,"text":[{"text":"use std::collections::HashMap;","highlight_start":1,"highlight_end":1}],"label":null,"suggested_replacement":"use tokio_stream::stream_ext::StreamExt;\n","suggestion_applicability":"MaybeIncorrect","expansion":null}],"children":[],"rendered":null},{"message":"there is a method `try_next` with a similar name","code":null,"level":"help","spans":[{"file_name":"src/scanner.rs","byte_start":11548,"byte_end":11552,"line_start":338,"line_end":338,"column_start":29,"column_end":33,"is_primary":true,"text":[{"text":"        match notify_stream.next().await {","highlight_start":29,"highlight_end":33}],"label":null,"suggested_replacement":"try_next","suggestion_applicability":"MaybeIncorrect","expansion":null}],"children":[],"rendered":null}],"rendered":"\u001b[1m\u001b[91merror[E0599]\u001b[0m\u001b[1m: no method named `next` found for struct `Pin<Box<impl futures_core::stream::Stream<Item = Vec<u8>>>>` in the current scope\u001b[0m\n   \u001b[1m\u001b[94m--> \u001b[0msrc/scanner.rs:338:29\n    \u001b[1m\u001b[94m|\u001b[0m\n\u001b[1m\u001b[94m338\u001b[0m \u001b[1m\u001b[94m|\u001b[0m         match notify_stream.next().await {\n    \u001b[1m\u001b[94m|\u001b[0m                             \u001b[1m\u001b[91m^^^^\u001b[0m\n    \u001b[1m\u001b[94m|\u001b[0m\n    \u001b[1m\u001b[94m= \u001b[0m\u001b[1mhelp\u001b[0m: items from traits can only be used if the trait is in scope\n\u001b[1m\u001b[96mhelp\u001b[0m: the following traits which provide `next` are implemented but not in scope; perhaps you want to import one of them\n    \u001b[1m\u001b[94m|\u001b[0m\n  \u001b[1m\u001b[94m7\u001b[0m \u001b[92m+ use futures_util::stream::stream::StreamExt;\u001b[0m\n    \u001b[1m\u001b[94m|\u001b[0m\n  \u001b[1m\u001b[94m7\u001b[0m \u001b[92m+ use tokio_stream::stream_ext::StreamExt;\u001b[0m\n    \u001b[1m\u001b[94m|\u001b[0m\n\u001b[1m\u001b[96mhelp\u001b[0m: there is a method `try_next` with a similar name\n    \u001b[1m\u001b[94m|\u001b[0m\n\u001b[1m\u001b[94m338\u001b[0m \u001b[1m\u001b[94m| \u001b[0m        match notify_stream.\u001b[92mtry_\u001b[0mnext().await {\n    \u001b[1m\u001b[94m|\u001b[0m                             \u001b[92m++++\u001b[0m\n\n"}
{"$message_type":"diagnostic","message":"the size for values of type `[u8]` cannot be known at compilation time","code":{"code":"E0277","explanation":"You tried to use a type which doesn't implement some trait in a place which\nexpected that trait.\n\nErroneous code example:\n\n```compile_fail,E0277\n// here we declare the Foo trait with a bar method\ntrait Foo {\n    fn bar(&self);\n}\n\n// we now declare a function which takes an object implementing the Foo trait\nfn some_func<T: Foo>(foo: T) {\n    foo.bar();\n}\n\nfn main() {\n    // we now call the method with the i32 type, which doesn't implement\n    // the Foo trait\n    some_func(5i32); // error: the trait bound `i32 : Foo` is not satisfied\n}\n```\n\nIn order to fix this error, verify that the type you're using does implement\nthe trait. Example:\n\n```\ntrait Foo {\n    fn bar(&self);\n}\n\n// we implement the trait on the i32 type\nimpl Foo for i32 {\n    fn bar(&self) {}\n}\n\nfn some_func<T: Foo>(foo: T) {\n    foo.bar(); // we can now use this method since i32 implements the\n               // Foo trait\n}\n\nfn main() {\n    some_func(5i32); // ok!\n}\n```\n\nOr in a generic context, an erroneous code example would look like:\n\n```compile_fail,E0277\nfn some_func<T>(foo: T) {\n    println!(\"{:?}\", foo); // error: the trait `core::fmt::Debug` is not\n                           //        implemented for the type `T`\n}\n\nfn main() {\n    // We now call the method with the i32 type,\n    // which *does* implement the Debug trait.\n    some_func(5i32);\n}\n```\n\nNote that the error here is in the definition of the generic function. Although\nwe only call it with a parameter that does implement `Debug`, the compiler\nstill rejects the function. It must work with all possible input types. In\norder to make this example compile, we need to restrict the generic type we're\naccepting:\n\n```\nuse std::fmt;\n\n// Restrict the input type to types that implement Debug.\nfn some_func<T: fmt::Debug>(foo: T) {\n    println!(\"{:?}\", foo);\n}\n\nfn main() {\n    // Calling the method is still fine, as i32 implements Debug.\n    some_func(5i32);\n\n    // This would fail to compile now:\n    // struct WithoutDebug;\n    // some_func(WithoutDebug);\n}\n```\n\nRust only looks at the signature of the called function, as such it must\nalready specify all requirements that will be used for every type parameter.\n"},"level":"error","spans":[{"file_name":"src/scanner.rs","byte_start":11580,"byte_end":11584,"line_start":339,"line_end":339,"column_start":18,"column_end":22,"is_primary":true,"text":[{"text":"            Some(data) => {","highlight_start":18,"highlight_end":22}],"label":"doesn't have a size known at compile-time","suggested_replacement":null,"suggestion_applicability":null,"expansion":null}],"children":[{"message":"the trait `Sized` is not implemented for `[u8]`","code":null,"level":"help","spans":[],"children":[],"rendered":null},{"message":"all local variables must have a statically known size","code":null,"level":"note","spans":[],"children":[],"rendered":null}],"rendered":"\u001b[1m\u001b[91merror[E0277]\u001b[0m\u001b[1m: the size for values of type `[u8]` cannot be known at compilation time\u001b[0m\n   \u001b[1m\u001b[94m--> \u001b[0msrc/scanner.rs:339:18\n    \u001b[1m\u001b[94m|\u001b[0m\n\u001b[1m\u001b[94m339\u001b[0m \u001b[1m\u001b[94m|\u001b[0m             Some(data) => {\n    \u001b[1m\u001b[94m|\u001b[0m                  \u001b[1m\u001b[91m^^^^\u001b[0m \u001b[1m\u001b[91mdoesn't have a size known at compile-time\u001b[0m\n    \u001b[1m\u001b[94m|\u001b[0m\n    \u001b[1m\u001b[94m= \u001b[0m\u001b[1mhelp\u001b[0m: the trait `Sized` is not implemented for `[u8]`\n    \u001b[1m\u001b[94m= \u001b[0m\u001b[1mnote\u001b[0m: all local variables must have a statically known size\n\n"}
{"$message_type":"diagnostic","message":"the size for values of type `[u8]` cannot be known at compilation time","code":{"code":"E0277","explanation":"You tried to use a type which doesn't implement some trait in a place which\nexpected that trait.\n\nErroneous code example:\n\n```compile_fail,E0277\n// here we declare the Foo trait with a bar method\ntrait Foo {\n    fn bar(&self);\n}\n\n// we now declare a function which takes an object implementing the Foo trait\nfn some_func<T: Foo>(foo: T) {\n    foo.bar();\n}\n\nfn main() {\n    // we now call the method with the i32 type, which doesn't implement\n    // the Foo trait\n    some_func(5i32); // error: the trait bound `i32 : Foo` is not satisfied\n}\n```\n\nIn order to fix this error, verify that the type you're using does implement\nthe trait. Example:\n\n```\ntrait Foo {\n    fn bar(&self);\n}\n\n// we implement the trait on the i32 type\nimpl Foo for i32 {\n    fn bar(&self) {}\n}\n\nfn some_func<T: Foo>(foo: T) {\n    foo.bar(); // we can now use this method since i32 implements the\n               // Foo trait\n}\n\nfn main() {\n    some_func(5i32); // ok!\n}\n```\n\nOr in a generic context, an erroneous code example would look like:\n\n```compile_fail,E0277\nfn some_func<T>(foo: T) {\n    println!(\"{:?}\", foo); // error: the trait `core::fmt::Debug` is not\n                           //        implemented for the type `T`\n}\n\nfn main() {\n    // We now call the method with the i32 type,\n    // which *does* implement the Debug trait.\n    some_func(5i32);\n}\n```\n\nNote that the error here is in the definition of the generic function. Although\nwe only call it with a parameter that does implement `Debug`, the compiler\nstill rejects the function. It must work with all possible input types. In\norder to make this example compile, we need to restrict the generic type we're\naccepting:\n\n```\nuse std::fmt;\n\n// Restrict the input type to types that implement Debug.\nfn some_func<T: fmt::Debug>(foo: T) {\n    println!(\"{:?}\", foo);\n}\n\nfn main() {\n    // Calling the method is still fine, as i32 implements Debug.\n    some_func(5i32);\n\n    // This would fail to compile now:\n    // struct WithoutDebug;\n    // some_func(WithoutDebug);\n}\n```\n\nRust only looks at the signature of the called function, as such it must\nalready specify all requirements that will be used for every type parameter.\n"},"level":"error","spans":[{"file_name":"src/scanner.rs","byte_start":11575,"byte_end":11585,"line_start":339,"line_end":339,"column_start":13,"column_end":23,"is_primary":true,"text":[{"text":"            Some(data) => {","highlight_start":13,"highlight_end":23}],"label":"doesn't have a size known at compile-time","suggested_replacement":null,"suggestion_applicability":null,"expansion":null}],"children":[{"message":"the trait `Sized` is not implemented for `[u8]`","code":null,"level":"help","spans":[],"children":[],"rendered":null},{"message":"required by a bound in `std::prelude::v1::Some`","code":null,"level":"note","spans":[{"file_name":"/home/ssilver/.rustup/toolchains/stable-x86_64-unknown-linux-gnu/lib/rustlib/src/rust/library/core/src/option.rs","byte_start":24354,"byte_end":24358,"line_start":608,"line_end":608,"column_start":5,"column_end":9,"is_primary":false,"text":[{"text":"    Some(#[stable(feature = \"rust1\", since = \"1.0.0\")] T),","highlight_start":5,"highlight_end":9}],"label":"required by a bound in this tuple variant","suggested_replacement":null,"suggestion_applicability":null,"expansion":null},{"file_name":"/home/ssilver/.rustup/toolchains/stable-x86_64-unknown-linux-gnu/lib/rustlib/src/rust/library/core/src/option.rs","byte_start":24143,"byte_end":24144,"line_start":600,"line_end":600,"column_start":17,"column_end":18,"is_primary":true,"text":[{"text":"pub enum Option<T> {","highlight_start":17,"highlight_end":18}],"label":"required by this bound in `std::prelude::v1::Some`","suggested_replacement":null,"suggestion_applicability":null,"expansion":null}],"children":[],"rendered":null}],"rendered":"\u001b[1m\u001b[91merror[E0277]\u001b[0m\u001b[1m: the size for values of type `[u8]` cannot be known at compilation time\u001b[0m\n   \u001b[1m\u001b[94m--> \u001b[0msrc/scanner.rs:339:13\n    \u001b[1m\u001b[94m|\u001b[0m\n\u001b[1m\u001b[94m339\u001b[0m \u001b[1m\u001b[94m|\u001b[0m             Some(data) => {\n    \u001b[1m\u001b[94m|\u001b[0m             \u001b[1m\u001b[91m^^^^^^^^^^\u001b[0m \u001b[1m\u001b[91mdoesn't have a size known at compile-time\u001b[0m\n    \u001b[1m\u001b[94m|\u001b[0m\n    \u001b[1m\u001b[94m= \u001b[0m\u001b[1mhelp\u001b[0m: the trait `Sized` is not implemented for `[u8]`\n\u001b[1m\u001b[92mnote\u001b[0m: required by a bound in `std::prelude::v1::Some`\n   \u001b[1m\u001b[94m--> \u001b[0m/home/ssilver/.rustup/toolchains/stable-x86_64-unknown-linux-gnu/lib/rustlib/src/rust/library/core/src/option.rs:600:17\n    \u001b[1m\u001b[94m|\u001b[0m\n\u001b[1m\u001b[94m600\u001b[0m \u001b[1m\u001b[94m|\u001b[0m pub enum Option<T> {\n    \u001b[1m\u001b[94m|\u001b[0m                 \u001b[1m\u001b[92m^\u001b[0m \u001b[1m\u001b[92mrequired by this bound in `std::prelude::v1::Some`\u001b[0m\n\u001b[1m\u001b[94m...\u001b[0m\n\u001b[1m\u001b[94m608\u001b[0m \u001b[1m\u001b[94m|\u001b[0m     Some(#[stable(feature = \"rust1\", since = \"1.0.0\")] T),\n    \u001b[1m\u001b[94m|\u001b[0m     \u001b[1m\u001b[94m----\u001b[0m \u001b[1m\u001b[94mrequired by a bound in this tuple variant\u001b[0m\n\n"}
{"$message_type":"diagnostic","message":"the size for values of type `[u8]` cannot be known at compilation time","code":{"code":"E0277","explanation":"You tried to use a type which doesn't implement some trait in a place which\nexpected that trait.\n\nErroneous code example:\n\n```compile_fail,E0277\n// here we declare the Foo trait with a bar method\ntrait Foo {\n    fn bar(&self);\n}\n\n// we now declare a function which takes an object implementing the Foo trait\nfn some_func<T: Foo>(foo: T) {\n    foo.bar();\n}\n\nfn main() {\n    // we now call the method with the i32 type, which doesn't implement\n    // the Foo trait\n    some_func(5i32); // error: the trait bound `i32 : Foo` is not satisfied\n}\n```\n\nIn order to fix this error, verify that the type you're using does implement\nthe trait. Example:\n\n```\ntrait Foo {\n    fn bar(&self);\n}\n\n// we implement the trait on the i32 type\nimpl Foo for i32 {\n    fn bar(&self) {}\n}\n\nfn some_func<T: Foo>(foo: T) {\n    foo.bar(); // we can now use this method since i32 implements the\n               // Foo trait\n}\n\nfn main() {\n    some_func(5i32); // ok!\n}\n```\n\nOr in a generic context, an erroneous code example would look like:\n\n```compile_fail,E0277\nfn some_func<T>(foo: T) {\n    println!(\"{:?}\", foo); // error: the trait `core::fmt::Debug` is not\n                           //        implemented for the type `T`\n}\n\nfn main() {\n    // We now call the method with the i32 type,\n    // which *does* implement the Debug trait.\n    some_func(5i32);\n}\n```\n\nNote that the error here is in the definition of the generic function. Although\nwe only call it with a parameter that does implement `Debug`, the compiler\nstill rejects the function. It must work with all possible input types. In\norder to make this example compile, we need to restrict the generic type we're\naccepting:\n\n```\nuse std::fmt;\n\n// Restrict the input type to types that implement Debug.\nfn some_func<T: fmt::Debug>(foo: T) {\n    println!(\"{:?}\", foo);\n}\n\nfn main() {\n    // Calling the method is still fine, as i32 implements Debug.\n    some_func(5i32);\n\n    // This would fail to compile now:\n    // struct WithoutDebug;\n    // some_func(WithoutDebug);\n}\n```\n\nRust only looks at the signature of the called function, as such it must\nalready specify all requirements that will be used for every type parameter.\n"},"level":"error","spans":[{"file_name":"src/scanner.rs","byte_start":11934,"byte_end":11938,"line_start":348,"line_end":348,"column_start":13,"column_end":17,"is_primary":true,"text":[{"text":"            None => {","highlight_start":13,"highlight_end":17}],"label":"doesn't have a size known at compile-time","suggested_replacement":null,"suggestion_applicability":null,"expansion":null}],"children":[{"message":"the trait `Sized` is not implemented for `[u8]`","code":null,"level":"help","spans":[],"children":[],"rendered":null},{"message":"required by a bound in `std::prelude::v1::None`","code":null,"level":"note","spans":[{"file_name":"/home/ssilver/.rustup/toolchains/stable-x86_64-unknown-linux-gnu/lib/rustlib/src/rust/library/core/src/option.rs","byte_start":24241,"byte_end":24245,"line_start":604,"line_end":604,"column_start":5,"column_end":9,"is_primary":false,"text":[{"text":"    None,","highlight_start":5,"highlight_end":9}],"label":"required by a bound in this unit variant","suggested_replacement":null,"suggestion_applicability":null,"expansion":null},{"file_name":"/home/ssilver/.rustup/toolchains/stable-x86_64-unknown-linux-gnu/lib/rustlib/src/rust/library/core/src/option.rs","byte_start":24143,"byte_end":24144,"line_start":600,"line_end":600,"column_start":17,"column_end":18,"is_primary":true,"text":[{"text":"pub enum Option<T> {","highlight_start":17,"highlight_end":18}],"label":"required by this bound in `std::prelude::v1::None`","suggested_replacement":null,"suggestion_applicability":null,"expansion":null}],"children":[],"rendered":null}],"rendered":"\u001b[1m\u001b[91merror[E0277]\u001b[0m\u001b[1m: the size for values of type `[u8]` cannot be known at compilation time\u001b[0m\n   \u001b[1m\u001b[94m--> \u001b[0msrc/scanner.rs:348:13\n    \u001b[1m\u001b[94m|\u001b[0m\n\u001b[1m\u001b[94m348\u001b[0m \u001b[1m\u001b[94m|\u001b[0m             None => {\n    \u001b[1m\u001b[94m|\u001b[0m             \u001b[1m\u001b[91m^^^^\u001b[0m \u001b[1m\u001b[91mdoesn't have a size known at compile-time\u001b[0m\n    \u001b[1m\u001b[94m|\u001b[0m\n    \u001b[1m\u001b[94m= \u001b[0m\u001b[1mhelp\u001b[0m: the trait `Sized` is not implemented for `[u8]`\n\u001b[1m\u001b[92mnote\u001b[0m: required by a bound in `std::prelude::v1::None`\n   \u001b[1m\u001b[94m--> \u001b[0m/home/ssilver/.rustup/toolchains/stable-x86_64-unknown-linux-gnu/lib/rustlib/src/rust/library/core/src/option.rs:600:17\n    \u001b[1m\u001b[94m|\u001b[0m\n\u001b[1m\u001b[94m600\u001b[0m \u001b[1m\u001b[94m|\u001b[0m pub enum Option<T> {\n    \u001b[1m\u001b[94m|\u001b[0m                 \u001b[1m\u001b[92m^\u001b[0m \u001b[1m\u001b[92mrequired by this bound in `std::prelude::v1::None`\u001b[0m\n\u001b[1m\u001b[94m...\u001b[0m\n\u001b[1m\u001b[94m604\u001b[0m \u001b[1m\u001b[94m|\u001b[0m     None,\n    \u001b[1m\u001b[94m|\u001b[0m     \u001b[1m\u001b[94m----\u001b[0m \u001b[1m\u001b[94mrequired by a bound in this unit variant\u001b[0m\n\n"}
{"$message_type":"diagnostic","message":"the size for values of type `[u8]` cannot be known at compilation time","code":{"code":"E0277","explanation":"You tried to use a type which doesn't implement some trait in a place which\nexpected that trait.\n\nErroneous code example:\n\n```compile_fail,E0277\n// here we declare the Foo trait with a bar method\ntrait Foo {\n    fn bar(&self);\n}\n\n// we now declare a function which takes an object implementing the Foo trait\nfn some_func<T: Foo>(foo: T) {\n    foo.bar();\n}\n\nfn main() {\n    // we now call the method with the i32 type, which doesn't implement\n    // the Foo trait\n    some_func(5i32); // error: the trait bound `i32 : Foo` is not satisfied\n}\n```\n\nIn order to fix this error, verify that the type you're using does implement\nthe trait. Example:\n\n```\ntrait Foo {\n    fn bar(&self);\n}\n\n// we implement the trait on the i32 type\nimpl Foo for i32 {\n    fn bar(&self) {}\n}\n\nfn some_func<T: Foo>(foo: T) {\n    foo.bar(); // we can now use this method since i32 implements the\n               // Foo trait\n}\n\nfn main() {\n    some_func(5i32); // ok!\n}\n```\n\nOr in a generic context, an erroneous code example would look like:\n\n```compile_fail,E0277\nfn some_func<T>(foo: T) {\n    println!(\"{:?}\", foo); // error: the trait `core::fmt::Debug` is not\n                           //        implemented for the type `T`\n}\n\nfn main() {\n    // We now call the method with the i32 type,\n    // which *does* implement the Debug trait.\n    some_func(5i32);\n}\n```\n\nNote that the error here is in the definition of the generic function. Although\nwe only call it with a parameter that does implement `Debug`, the compiler\nstill rejects the function. It must work with all possible input types. In\norder to make this example compile, we need to restrict the generic type we're\naccepting:\n\n```\nuse std::fmt;\n\n// Restrict the input type to types that implement Debug.\nfn some_func<T: fmt::Debug>(foo: T) {\n    println!(\"{:?}\", foo);\n}\n\nfn main() {\n    // Calling the method is still fine, as i32 implements Debug.\n    some_func(5i32);\n\n    // This would fail to compile now:\n    // struct WithoutDebug;\n    // some_func(WithoutDebug);\n}\n```\n\nRust only looks at the signature of the called function, as such it must\nalready specify all requirements that will be used for every type parameter.\n"},"level":"error","spans":[{"file_name":"src/scanner.rs","byte_start":11555,"byte_end":11560,"line_start":338,"line_end":338,"column_start":36,"column_end":41,"is_primary":true,"text":[{"text":"        match notify_stream.next().await {","highlight_start":36,"highlight_end":41}],"label":"doesn't have a size known at compile-time","suggested_replacement":null,"suggestion_applicability":null,"expansion":{"span":{"file_name":"src/scanner.rs","byte_start":11555,"byte_end":11560,"line_start":338,"line_end":338,"column_start":36,"column_end":41,"is_primary":false,"text":[{"text":"        match notify_stream.next().await {","highlight_start":36,"highlight_end":41}],"label":null,"suggested_replacement":null,"suggestion_applicability":null,"expansion":null},"macro_decl_name":"desugaring of `await` expression","def_site_span":{"file_name":"src/main.rs","byte_start":0,"byte_end":0,"line_start":1,"line_end":1,"column_start":1,"column_end":1,"is_primary":false,"text":[],"label":null,"suggested_replacement":null,"suggestion_applicability":null,"expansion":null}}}],"children":[{"message":"the trait `Sized` is not implemented for `[u8]`","code":null,"level":"help","spans":[],"children":[],"rendered":null},{"message":"required by an implicit `Sized` bound in `std::option::Option`","code":null,"level":"note","spans":[{"file_name":"/home/ssilver/.rustup/toolchains/stable-x86_64-unknown-linux-gnu/lib/rustlib/src/rust/library/core/src/option.rs","byte_start":24143,"byte_end":24144,"line_start":600,"line_end":600,"column_start":17,"column_end":18,"is_primary":true,"text":[{"text":"pub enum Option<T> {","highlight_start":17,"highlight_end":18}],"label":"required by the implicit `Sized` requirement on this type parameter in `Option`","suggested_replacement":null,"suggestion_applicability":null,"expansion":null}],"children":[],"rendered":null}],"rendered":"\u001b[1m\u001b[91merror[E0277]\u001b[0m\u001b[1m: the size for values of type `[u8]` cannot be known at compilation time\u001b[0m\n   \u001b[1m\u001b[94m--> \u001b[0msrc/scanner.rs:338:36\n    \u001b[1m\u001b[94m|\u001b[0m\n\u001b[1m\u001b[94m338\u001b[0m \u001b[1m\u001b[94m|\u001b[0m         match notify_stream.next().await {\n    \u001b[1m\u001b[94m|\u001b[0m                                    \u001b[1m\u001b[91m^^^^^\u001b[0m \u001b[1m\u001b[91mdoesn't have a size known at compile-time\u001b[0m\n    \u001b[1m\u001b[94m|\u001b[0m\n    \u001b[1m\u001b[94m= \u001b[0m\u001b[1mhelp\u001b[0m: the trait `Sized` is not implemented for `[u8]`\n\u001b[1m\u001b[92mnote\u001b[0m: required by an implicit `Sized` bound in `std::option::Option`\n   \u001b[1m\u001b[94m--> \u001b[0m/home/ssilver/.rustup/toolchains/stable-x86_64-unknown-linux-gnu/lib/rustlib/src/rust/library/core/src/option.rs:600:17\n    \u001b[1m\u001b[94m|\u001b[0m\n\u001b[1m\u001b[94m600\u001b[0m \u001b[1m\u001b[94m|\u001b[0m pub enum Option<T> {\n    \u001b[1m\u001b[94m|\u001b[0m                 \u001b[1m\u001b[92m^\u001b[0m \u001b[1m\u001b[92mrequired by the implicit `Sized` requirement on this type parameter in `Option`\u001b[0m\n\n"}
{"$message_type":"diagnostic","message":"the size for values of type `[u8]` cannot be known at compilation time","code":{"code":"E0277","explanation":"You tried to use a type which doesn't implement some trait in a place which\nexpected that trait.\n\nErroneous code example:\n\n```compile_fail,E0277\n// here we declare the Foo trait with a bar method\ntrait Foo {\n    fn bar(&self);\n}\n\n// we now declare a function which takes an object implementing the Foo trait\nfn some_func<T: Foo>(foo: T) {\n    foo.bar();\n}\n\nfn main() {\n    // we now call the method with the i32 type, which doesn't implement\n    // the Foo trait\n    some_func(5i32); // error: the trait bound `i32 : Foo` is not satisfied\n}\n```\n\nIn order to fix this error, verify that the type you're using does implement\nthe trait. Example:\n\n```\ntrait Foo {\n    fn bar(&self);\n}\n\n// we implement the trait on the i32 type\nimpl Foo for i32 {\n    fn bar(&self) {}\n}\n\nfn some_func<T: Foo>(foo: T) {\n    foo.bar(); // we can now use this method since i32 implements the\n               // Foo trait\n}\n\nfn main() {\n    some_func(5i32); // ok!\n}\n```\n\nOr in a generic context, an erroneous code example would look like:\n\n```compile_fail,E0277\nfn some_func<T>(foo: T) {\n    println!(\"{:?}\", foo); // error: the trait `core::fmt::Debug` is not\n                           //        implemented for the type `T`\n}\n\nfn main() {\n    // We now call the method with the i32 type,\n    // which *does* implement the Debug trait.\n    some_func(5i32);\n}\n```\n\nNote that the error here is in the definition of the generic function. Although\nwe only call it with a parameter that does implement `Debug`, the compiler\nstill rejects the function. It must work with all possible input types. In\norder to make this example compile, we need to restrict the generic type we're\naccepting:\n\n```\nuse std::fmt;\n\n// Restrict the input type to types that implement Debug.\nfn some_func<T: fmt::Debug>(foo: T) {\n    println!(\"{:?}\", foo);\n}\n\nfn main() {\n    // Calling the method is still fine, as i32 implements Debug.\n    some_func(5i32);\n\n    // This would fail to compile now:\n    // struct WithoutDebug;\n    // some_func(WithoutDebug);\n}\n```\n\nRust only looks at the signature of the called function, as such it must\nalready specify all requirements that will be used for every type parameter.\n"},"level":"error","spans":[{"file_name":"src/scanner.rs","byte_start":11883,"byte_end":11887,"line_start":345,"line_end":345,"column_start":67,"column_end":71,"is_primary":true,"text":[{"text":"                    warn!(\"Failed to parse HR measurement: {:?}\", data);","highlight_start":67,"highlight_end":71}],"label":"doesn't have a size known at compile-time","suggested_replacement":null,"suggestion_applicability":null,"expansion":{"span":{"file_name":"/home/ssilver/.cargo/registry/src/index.crates.io-1949cf8c6b5b557f/log-0.4.29/src/macros.rs","byte_start":4571,"byte_end":4616,"line_start":140,"line_end":140,"column_start":17,"column_end":62,"is_primary":false,"text":[{"text":"                $crate::__private_api::format_args!($($arg)+),","highlight_start":17,"highlight_end":62}],"label":null,"suggested_replacement":null,"suggestion_applicability":null,"expansion":{"span":{"file_name":"/home/ssilver/.cargo/registry/src/index.crates.io-1949cf8c6b5b557f/log-0.4.29/src/macros.rs","byte_start":4571,"byte_end":4616,"line_start":140,"line_end":140,"column_start":17,"column_end":62,"is_primary":false,"text":[{"text":"                $crate::__private_api::format_args!($($arg)+),","highlight_start":17,"highlight_end":62}],"label":null,"suggested_replacement":null,"suggestion_applicability":null,"expansion":{"span":{"file_name":"/home/ssilver/.cargo/registry/src/index.crates.io-1949cf8c6b5b557f/log-0.4.29/src/macros.rs","byte_start":3239,"byte_end":3426,"line_start":108,"line_end":113,"column_start":9,"column_end":10,"is_primary":false,"text":[{"text":"        $crate::__log!(","highlight_start":9,"highlight_end":24},{"text":"            logger: $crate::__log_logger!(__log_global_logger),","highlight_start":1,"highlight_end":64},{"text":"            target: $crate::__private_api::module_path!(),","highlight_start":1,"highlight_end":59},{"text":"            $lvl,","highlight_start":1,"highlight_end":18},{"text":"            $($arg)+","highlight_start":1,"highlight_end":21},{"text":"        )","highlight_start":1,"highlight_end":10}],"label":null,"suggested_replacement":null,"suggestion_applicability":null,"expansion":{"span":{"file_name":"/home/ssilver/.cargo/registry/src/index.crates.io-1949cf8c6b5b557f/log-0.4.29/src/macros.rs","byte_start":7671,"byte_end":7714,"line_start":224,"line_end":224,"column_start":23,"column_end":66,"is_primary":false,"text":[{"text":"    ($($arg:tt)+) => ($crate::log!($crate::Level::Warn, $($arg)+))","highlight_start":23,"highlight_end":66}],"label":null,"suggested_replacement":null,"suggestion_applicability":null,"expansion":{"span":{"file_name":"src/scanner.rs","byte_start":11837,"byte_end":11888,"line_start":345,"line_end":345,"column_start":21,"column_end":72,"is_primary":false,"text":[{"text":"                    warn!(\"Failed to parse HR measurement: {:?}\", data);","highlight_start":21,"highlight_end":72}],"label":null,"suggested_replacement":null,"suggestion_applicability":null,"expansion":null},"macro_decl_name":"warn!","def_site_span":{"file_name":"/home/ssilver/.cargo/registry/src/index.crates.io-1949cf8c6b5b557f/log-0.4.29/src/macros.rs","byte_start":6702,"byte_end":6719,"line_start":204,"line_end":204,"column_start":1,"column_end":18,"is_primary":false,"text":[{"text":"macro_rules! warn {","highlight_start":1,"highlight_end":18}],"label":null,"suggested_replacement":null,"suggestion_applicability":null,"expansion":null}}},"macro_decl_name":"$crate::log!","def_site_span":{"file_name":"/home/ssilver/.cargo/registry/src/index.crates.io-1949cf8c6b5b557f/log-0.4.29/src/macros.rs","byte_start":2206,"byte_end":2222,"line_start":75,"line_end":75,"column_start":1,"column_end":17,"is_primary":false,"text":[{"text":"macro_rules! log {","highlight_start":1,"highlight_end":17}],"label":null,"suggested_replacement":null,"suggestion_applicability":null,"expansion":null}}},"macro_decl_name":"$crate::__log!","def_site_span":{"file_name":"/home/ssilver/.cargo/registry/src/index.crates.io-1949cf8c6b5b557f/log-0.4.29/src/macros.rs","byte_start":3469,"byte_end":3487,"line_start":119,"line_end":119,"column_start":1,"column_end":19,"is_primary":false,"text":[{"text":"macro_rules! __log {","highlight_start":1,"highlight_end":19}],"label":null,"suggested_replacement":null,"suggestion_applicability":null,"expansion":null}}},"macro_decl_name":"$crate::__private_api::format_args!","def_site_span":{"file_name":"/home/ssilver/.rustup/toolchains/stable-x86_64-unknown-linux-gnu/lib/rustlib/src/rust/library/core/src/macros/mod.rs","byte_start":34951,"byte_end":34975,"line_start":997,"line_end":997,"column_start":5,"column_end":29,"is_primary":false,"text":[{"text":"    macro_rules! format_args {","highlight_start":5,"highlight_end":29}],"label":null,"suggested_replacement":null,"suggestion_applicability":null,"expansion":null}}},"macro_decl_name":"desugaring of format string literal","def_site_span":{"file_name":"src/main.rs","byte_start":0,"byte_end":0,"line_start":1,"line_end":1,"column_start":1,"column_end":1,"is_primary":false,"text":[],"label":null,"suggested_replacement":null,"suggestion_applicability":null,"expansion":null}}},{"file_name":"src/scanner.rs","byte_start":11876,"byte_end":11880,"line_start":345,"line_end":345,"column_start":60,"column_end":64,"is_primary":false,"text":[{"text":"                    warn!(\"Failed to parse HR measurement: {:?}\", data);","highlight_start":60,"highlight_end":64}],"label":"required by this formatting parameter","suggested_replacement":null,"suggestion_applicability":null,"expansion":{"span":{"file_name":"/home/ssilver/.cargo/registry/src/index.crates.io-1949cf8c6b5b557f/log-0.4.29/src/macros.rs","byte_start":4571,"byte_end":4616,"line_start":140,"line_end":140,"column_start":17,"column_end":62,"is_primary":false,"text":[{"text":"                $crate::__private_api::format_args!($($arg)+),","highlight_start":17,"highlight_end":62}],"label":null,"suggested_replacement":null,"suggestion_applicability":null,"expansion":{"span":{"file_name":"/home/ssilver/.cargo/registry/src/index.crates.io-1949cf8c6b5b557f/log-0.4.29/src/macros.rs","byte_start":4571,"byte_end":4616,"line_start":140,"line_end":140,"column_start":17,"column_end":62,"is_primary":false,"text":[{"text":"                $crate::__private_api::format_args!($($arg)+),","highlight_start":17,"highlight_end":62}],"label":null,"suggested_replacement":null,"suggestion_applicability":null,"expansion":{"span":{"file_name":"/home/ssilver/.cargo/registry/src/index.crates.io-1949cf8c6b5b557f/log-0.4.29/src/macros.rs","byte_start":3239,"byte_end":3426,"line_start":108,"line_end":113,"column_start":9,"column_end":10,"is_primary":false,"text":[{"text":"        $crate::__log!(","highlight_start":9,"highlight_end":24},{"text":"            logger: $crate::__log_logger!(__log_global_logger),","highlight_start":1,"highlight_end":64},{"text":"            target: $crate::__private_api::module_path!(),","highlight_start":1,"highlight_end":59},{"text":"            $lvl,","highlight_start":1,"highlight_end":18},{"text":"            $($arg)+","highlight_start":1,"highlight_end":21},{"text":"        )","highlight_start":1,"highlight_end":10}],"label":null,"suggested_replacement":null,"suggestion_applicability":null,"expansion":{"span":{"file_name":"/home/ssilver/.cargo/registry/src/index.crates.io-1949cf8c6b5b557f/log-0.4.29/src/macros.rs","byte_start":7671,"byte_end":7714,"line_start":224,"line_end":224,"column_start":23,"column_end":66,"is_primary":false,"text":[{"text":"    ($($arg:tt)+) => ($crate::log!($crate::Level::Warn, $($arg)+))","highlight_start":23,"highlight_end":66}],"label":null,"suggested_replacement":null,"suggestion_applicability":null,"expansion":{"span":{"file_name":"src/scanner.rs","byte_start":11837,"byte_end":11888,"line_start":345,"line_end":345,"column_start":21,"column_end":72,"is_primary":false,"text":[{"text":"                    warn!(\"Failed to parse HR measurement: {:?}\", data);","highlight_start":21,"highlight_end":72}],"label":null,"suggested_replacement":null,"suggestion_applicability":null,"expansion":null},"macro_decl_name":"warn!","def_site_span":{"file_name":"/home/ssilver/.cargo/registry/src/index.crates.io-1949cf8c6b5b557f/log-0.4.29/src/macros.rs","byte_start":6702,"byte_end":6719,"line_start":204,"line_end":204,"column_start":1,"column_end":18,"is_primary":false,"text":[{"text":"macro_rules! warn {","highlight_start":1,"highlight_end":18}],"label":null,"suggested_replacement":null,"suggestion_applicability":null,"expansion":null}}},"macro_decl_name":"$crate::log!","def_site_span":{"file_name":"/home/ssilver/.cargo/registry/src/index.crates.io-1949cf8c6b5b557f/log-0.4.29/src/macros.rs","byte_start":2206,"byte_end":2222,"line_start":75,"line_end":75,"column_start":1,"column_end":17,"is_primary":false,"text":[{"text":"macro_rules! log {","highlight_start":1,"highlight_end":17}],"label":null,"suggested_replacement":null,"suggestion_applicability":null,"expansion":null}}},"macro_decl_name":"$crate::__log!","def_site_span":{"file_name":"/home/ssilver/.cargo/registry/src/index.crates.io-1949cf8c6b5b557f/log-0.4.29/src/macros.rs","byte_start":3469,"byte_end":3487,"line_start":119,"line_end":119,"column_start":1,"column_end":19,"is_primary":false,"text":[{"text":"macro_rules! __log {","highlight_start":1,"highlight_end":19}],"label":null,"suggested_replacement":null,"suggestion_applicability":null,"expansion":null}}},"macro_decl_name":"$crate::__private_api::format_args!","def_site_span":{"file_name":"/home/ssilver/.rustup/toolchains/stable-x86_64-unknown-linux-gnu/lib/rustlib/src/rust/library/core/src/macros/mod.rs","byte_start":34951,"byte_end":34975,"line_start":997,"line_end":997,"column_start":5,"column_end":29,"is_primary":false,"text":[{"text":"    macro_rules! format_args {","highlight_start":5,"highlight_end":29}],"label":null,"suggested_replacement":null,"suggestion_applicability":null,"expansion":null}}},"macro_decl_name":"desugaring of format string literal","def_site_span":{"file_name":"src/main.rs","byte_start":0,"byte_end":0,"line_start":1,"line_end":1,"column_start":1,"column_end":1,"is_primary":false,"text":[],"label":null,"suggested_replacement":null,"suggestion_applicability":null,"expansion":null}}}],"children":[{"message":"the trait `Sized` is not implemented for `[u8]`","code":null,"level":"help","spans":[],"children":[],"rendered":null}],"rendered":"\u001b[1m\u001b[91merror[E0277]\u001b[0m\u001b[1m: the size for values of type `[u8]` cannot be known at compilation time\u001b[0m\n   \u001b[1m\u001b[94m--> \u001b[0msrc/scanner.rs:345:67\n    \u001b[1m\u001b[94m|\u001b[0m\n\u001b[1m\u001b[94m345\u001b[0m \u001b[1m\u001b[94m|\u001b[0m                     warn!(\"Failed to parse HR measurement: {:?}\", data);\n    \u001b[1m\u001b[94m|\u001b[0m                                                            \u001b[1m\u001b[94m----\u001b[0m   \u001b[1m\u001b[91m^^^^\u001b[0m \u001b[1m\u001b[91mdoesn't have a size known at compile-time\u001b[0m\n    \u001b[1m\u001b[94m|\u001b[0m                                                            \u001b[1m\u001b[94m|\u001b[0m\n    \u001b[1m\u001b[94m|\u001b[0m                                                            \u001b[1m\u001b[94mrequired by this formatting parameter\u001b[0m\n    \u001b[1m\u001b[94m|\u001b[0m\n    \u001b[1m\u001b[94m= \u001b[0m\u001b[1mhelp\u001b[0m: the trait `Sized` is not implemented for `[u8]`\n    \u001b[1m\u001b[94m= \u001b[0m\u001b[1mnote\u001b[0m: this error originates in the macro `$crate::__private_api::format_args` which comes from the expansion of the macro `warn` (in Nightly builds, run with -Z macro-backtrace for more info)\n\n"}
{"$message_type":"diagnostic","message":"no function or associated item named `from_u16` found for struct `bluer::Uuid` in the current scope","code":{"code":"E0599","explanation":"This error occurs when a method is used on a type which doesn't implement it:\n\nErroneous code example:\n\n```compile_fail,E0599\nstruct Mouth;\n\nlet x = Mouth;\nx.chocolate(); // error: no method named `chocolate` found for type `Mouth`\n               //        in the current scope\n```\n\nIn this case, you need to implement the `chocolate` method to fix the error:\n\n```\nstruct Mouth;\n\nimpl Mouth {\n    fn chocolate(&self) { // We implement the `chocolate` method here.\n        println!(\"Hmmm! I love chocolate!\");\n    }\n}\n\nlet x = Mouth;\nx.chocolate(); // ok!\n```\n"},"level":"error","spans":[{"file_name":"src/scanner.rs","byte_start":744,"byte_end":752,"line_start":23,"line_end":23,"column_start":55,"column_end":63,"is_primary":true,"text":[{"text":"const HR_MEASUREMENT_UUID: bluer::Uuid = bluer::Uuid::from_u16(0x2A37);","highlight_start":55,"highlight_end":63}],"label":"function or associated item not found in `bluer::Uuid`","suggested_replacement":null,"suggestion_applicability":null,"expansion":null}],"children":[{"message":"if you're trying to build a new `bluer::Uuid` consider using one of the following associated functions:\nuuid::builder::<impl bluer::Uuid>::nil\nuuid::builder::<impl bluer::Uuid>::max\nuuid::builder::<impl bluer::Uuid>::from_fields\nuuid::builder::<impl bluer::Uuid>::from_fields_le\nand 11 others","code":null,"level":"note","spans":[{"file_name":"/home/ssilver/.cargo/registry/src/index.crates.io-1949cf8c6b5b557f/uuid-1.21.0/src/builder.rs","byte_start":2247,"byte_end":2273,"line_start":72,"line_end":72,"column_start":5,"column_end":31,"is_primary":true,"text":[{"text":"    pub const fn nil() -> Self {","highlight_start":5,"highlight_end":31}],"label":null,"suggested_replacement":null,"suggestion_applicability":null,"expansion":null},{"file_name":"/home/ssilver/.cargo/registry/src/index.crates.io-1949cf8c6b5b557f/uuid-1.21.0/src/builder.rs","byte_start":2872,"byte_end":2898,"line_start":98,"line_end":98,"column_start":5,"column_end":31,"is_primary":true,"text":[{"text":"    pub const fn max() -> Self {","highlight_start":5,"highlight_end":31}],"label":null,"suggested_replacement":null,"suggestion_applicability":null,"expansion":null},{"file_name":"/home/ssilver/.cargo/registry/src/index.crates.io-1949cf8c6b5b557f/uuid-1.21.0/src/builder.rs","byte_start":3453,"byte_end":3526,"line_start":122,"line_end":122,"column_start":5,"column_end":78,"is_primary":true,"text":[{"text":"    pub const fn from_fields(d1: u32, d2: u16, d3: u16, d4: &[u8; 8]) -> Uuid {","highlight_start":5,"highlight_end":78}],"label":null,"suggested_replacement":null,"suggestion_applicability":null,"expansion":null},{"file_name":"/home/ssilver/.cargo/registry/src/index.crates.io-1949cf8c6b5b557f/uuid-1.21.0/src/builder.rs","byte_start":4752,"byte_end":4828,"line_start":168,"line_end":168,"column_start":5,"column_end":81,"is_primary":true,"text":[{"text":"    pub const fn from_fields_le(d1: u32, d2: u16, d3: u16, d4: &[u8; 8]) -> Uuid {","highlight_start":5,"highlight_end":81}],"label":null,"suggested_replacement":null,"suggestion_applicability":null,"expansion":null}],"children":[],"rendered":null},{"message":"items from traits can only be used if the trait is in scope","code":null,"level":"help","spans":[],"children":[],"rendered":null},{"message":"trait `UuidExt` which provides `from_u16` is implemented but not in scope; perhaps you want to import it","code":null,"level":"help","spans":[{"file_name":"src/scanner.rs","byte_start":254,"byte_end":254,"line_start":7,"line_end":7,"column_start":1,"column_end":1,"is_primary":true,"text":[{"text":"use std::collections::HashMap;","highlight_start":1,"highlight_end":1}],"label":null,"suggested_replacement":"use bluer::UuidExt;\n","suggestion_applicability":"MaybeIncorrect","expansion":null}],"children":[],"rendered":null},{"message":"there is an associated function `from` with a similar name","code":null,"level":"help","spans":[{"file_name":"src/scanner.rs","byte_start":744,"byte_end":752,"line_start":23,"line_end":23,"column_start":55,"column_end":63,"is_primary":true,"text":[{"text":"const HR_MEASUREMENT_UUID: bluer::Uuid = bluer::Uuid::from_u16(0x2A37);","highlight_start":55,"highlight_end":63}],"label":null,"suggested_replacement":"from","suggestion_applicability":"MaybeIncorrect","expansion":null}],"children":[],"rendered":null}],"rendered":"\u001b[1m\u001b[91merror[E0599]\u001b[0m\u001b[1m: no function or associated item named `from_u16` found for struct `bluer::Uuid` in the current scope\u001b[0m\n   \u001b[1m\u001b[94m--> \u001b[0msrc/scanner.rs:23:55\n    \u001b[1m\u001b[94m|\u001b[0m\n \u001b[1m\u001b[94m23\u001b[0m \u001b[1m\u001b[94m|\u001b[0m const HR_MEASUREMENT_UUID: bluer::Uuid = bluer::Uuid::from_u16(0x2A37);\n    \u001b[1m\u001b[94m|\u001b[0m                                                       \u001b[1m\u001b[91m^^^^^^^^\u001b[0m \u001b[1m\u001b[91mfunction or associated item not found in `bluer::Uuid`\u001b[0m\n    \u001b[1m\u001b[94m|\u001b[0m\n\u001b[1m\u001b[92mnote\u001b[0m: if you're trying to build a new `bluer::Uuid` consider using one of the following associated functions:\n      uuid::builder::<impl bluer::Uuid>::nil\n      uuid::builder::<impl bluer::Uuid>::max\n      uuid::builder::<impl bluer::Uuid>::from_fields\n      uuid::builder::<impl bluer::Uuid>::from_fields_le\n      and 11 others\n   \u001b[1m\u001b[94m--> \u001b[0m/home/ssilver/.cargo/registry/src/index.crates.io-1949cf8c6b5b557f/uuid-1.21.0/src/builder.rs:72:5\n    \u001b[1m\u001b[94m|\u001b[0m\n \u001b[1m\u001b[94m72\u001b[0m \u001b[1m\u001b[94m|\u001b[0m     pub const fn nil() -> Self {\n    \u001b[1m\u001b[94m|\u001b[0m     \u001b[1m\u001b[92m^^^^^^^^^^^^^^^^^^^^^^^^^^\u001b[0m\n\u001b[1m\u001b[94m...\u001b[0m\n \u001b[1m\u001b[94m98\u001b[0m \u001b[1m\u001b[94m|\u001b[0m     pub const fn max() -> Self {\n    \u001b[1m\u001b[94m|\u001b[0m     \u001b[1m\u001b[92m^^^^^^^^^^^^^^^^^^^^^^^^^^\u001b[0m\n\u001b[1m\u001b[94m...\u001b[0m\n\u001b[1m\u001b[94m122\u001b[0m \u001b[1m\u001b[94m|\u001b[0m     pub const fn from_fields(d1: u32, d2: u16, d3: u16, d4: &[u8; 8]) -> Uuid {\n    \u001b[1m\u001b[94m|\u001b[0m     \u001b[1m\u001b[92m^^^^^^^^^^^^^^^^^^^^^^^^^^^^^^^^^^^^^^^^^^^^^^^^^^^^^^^^^^^^^^^^^^^^^^^^^\u001b[0m\n\u001b[1m\u001b[94m...\u001b[0m\n\u001b[1m\u001b[94m168\u001b[0m \u001b[1m\u001b[94m|\u001b[0m     pub const fn from_fields_le(d1: u32, d2: u16, d3: u16, d4: &[u8; 8]) -> Uuid {\n    \u001b[1m\u001b[94m|\u001b[0m     \u001b[1m\u001b[92m^^^^^^^^^^^^^^^^^^^^^^^^^^^^^^^^^^^^^^^^^^^^^^^^^^^^^^^^^^^^^^^^^^^^^^^^^^^^\u001b[0m\n    \u001b[1m\u001b[94m= \u001b[0m\u001b[1mhelp\u001b[0m: items from traits can only be used if the trait is in scope\n\u001b[1m\u001b[96mhelp\u001b[0m: trait `UuidExt` which provides `from_u16` is implemented but not in scope; perhaps you want to import it\n    \u001b[1m\u001b[94m|\u001b[0m\n  \u001b[1m\u001b[94m7\u001b[0m \u001b[92m+ use bluer::UuidExt;\u001b[0m\n    \u001b[1m\u001b[94m|\u001b[0m\n\u001b[1m\u001b[96mhelp\u001b[0m: there is an associated function `from` with a similar name\n    \u001b[1m\u001b[94m|\u001b[0m\n \u001b[1m\u001b[94m23\u001b[0m \u001b[91m- \u001b[0mconst HR_MEASUREMENT_UUID: bluer::Uuid = bluer::Uuid::\u001b[91mfrom_u16\u001b[0m(0x2A37);\n \u001b[1m\u001b[94m23\u001b[0m \u001b[92m+ \u001b[0mconst HR_MEASUREMENT_UUID: bluer::Uuid = bluer::Uuid::\u001b[92mfrom\u001b[0m(0x2A37);\n    \u001b[1m\u001b[94m|\u001b[0m\n\n"}
{"$message_type":"diagnostic","message":"aborting due to 11 previous errors; 1 warning emitted","code":null,"level":"error","spans":[],"children":[],"rendered":"\u001b[1m\u001b[91merror\u001b[0m\u001b[1m: aborting due to 11 previous errors; 1 warning emitted\u001b[0m\n\n"}
{"$message_type":"diagnostic","message":"Some errors have detailed explanations: E0277, E0432, E0599.","code":null,"level":"failure-note","spans":[],"children":[],"rendered":"\u001b[1mSome errors have detailed explanations: E0277, E0432, E0599.\u001b[0m\n"}
{"$message_type":"diagnostic","message":"For more information about an error, try `rustc --explain E0277`.","code":null,"level":"failure-note","spans":[],"children":[],"rendered":"\u001b[1mFor more information about an error, try `rustc --explain E0277`.\u001b[0m\n"}
